<?xml version="1.0" encoding="UTF-8"?>
<!-- Generated by org.testng.reporters.JUnitReportReporter -->
<testsuite hostname="Hctpl03" failures="0" tests="4" name="calculator.com.CalculatorTest" time="9.823" errors="0" timestamp="2023-04-02T14:51:38 IST" skipped="0">
  <testcase classname="calculator.com.CalculatorTest" name="Subtraction" time="2.644"/>
  <system-out/>
  <testcase classname="calculator.com.CalculatorTest" name="Division" time="2.340"/>
  <system-out/>
  <testcase classname="calculator.com.CalculatorTest" name="Multiplication" time="2.303"/>
  <system-out/>
  <testcase classname="calculator.com.CalculatorTest" name="Addition" time="2.536"/>
  <system-out/>
</testsuite> <!-- calculator.com.CalculatorTest -->
